Arguments: 
  /Users/nicolo/.nvm/versions/node/v10.10.0/bin/node /usr/local/Cellar/yarn/1.22.0/libexec/bin/yarn.js

PATH: 
  /Users/nicolo/.nvm/versions/node/v10.10.0/bin:/usr/local/sbin:/usr/local/bin:/usr/bin:/bin:/usr/sbin:/sbin:/usr/local/share/dotnet:~/.dotnet/tools:/Library/Frameworks/Mono.framework/Versions/Current/Commands:/Applications/Xamarin Workbooks.app/Contents/SharedSupport/path-bin:/Users/nicolo/Library/Android/sdk/tools:/Users/nicolo/Library/Android/sdk/platform-tools:/Users/nicolo/Library/Android/sdk/tools/bin:/Users/nicolo/Library/Android/sdk/platform-tools:/Users/nicolo/Library/Android/sdk/emulator

Yarn version: 
  1.22.0

Node version: 
  10.10.0

Platform: 
  darwin x64

Trace: 
  SyntaxError: /Users/nicolo/new-AR.js/AR.js/package.json: Unexpected token } in JSON at position 930
      at JSON.parse (<anonymous>)
      at /usr/local/Cellar/yarn/1.22.0/libexec/lib/cli.js:1625:59
      at Generator.next (<anonymous>)
      at step (/usr/local/Cellar/yarn/1.22.0/libexec/lib/cli.js:310:30)
      at /usr/local/Cellar/yarn/1.22.0/libexec/lib/cli.js:321:13

npm manifest: 
  {
    "name": "ar.js",
    "version": "3.0.0",
    "description": "Efficient Augmented Reality for the Web",
    "main": "./aframe/build/aframe-ar.min.js",
    "scripts": {
      "test": "echo \"Error: no test specified\" && exit 1",
      "build": "make minify"
    },
    "files": [
      "three.js/build",
      "aframe/build",
      "data",
      "three.js/examples/basic.html",
      "three.js/examples/vendor/three.js/build/three.min.js",
      "aframe/examples/basic.html",
      "aframe/examples/vendor/aframe/build/aframe.min.js"
    ],
    "repository": {
      "type": "git",
      "url": "git+https://github.com/jeromeetienne/AR.js.git"
    },
    "keywords": [
      "AR",
      "VR",
      "three.js",
      "aframe",
      "augmented reality",
      "location based"
    ],
    "author": "jerome.etienne@gmail.com",
    "license": "MIT",
    "bugs": {
      "url": "https://github.com/jeromeetienne/AR.js/issues"
    },
    "homepage": "https://github.com/jeromeetienne/AR.js#readme",
  }

yarn manifest: 
  No manifest

Lockfile: 
  # THIS IS AN AUTOGENERATED FILE. DO NOT EDIT THIS FILE DIRECTLY.
  # yarn lockfile v1
  
  
  buffer-from@^1.0.0:
    version "1.1.1"
    resolved "https://registry.npmjs.org/buffer-from/-/buffer-from-1.1.1.tgz#32713bc028f75c02fdb710d7c7bcec1f2c6070ef"
    integrity sha512-MQcXEUbCKtEo7bhqEs6560Hyd4XaovZlO/k9V3hjVUF/zwW7KBVdSK4gIt/bzwS9MbR5qob+F5jusZsb0YQK2A==
  
  commander@^2.20.0:
    version "2.20.3"
    resolved "https://registry.npmjs.org/commander/-/commander-2.20.3.tgz#fd485e84c03eb4881c20722ba48035e8531aeb33"
    integrity sha512-GpVkmM8vF2vQUkj2LvZmD35JxeJOLCwJ9cUkugyk2nuhbv3+mJvpLYYt+0+USMxE+oj+ey/lJEnhZw75x/OMcQ==
  
  source-map-support@~0.5.12:
    version "0.5.16"
    resolved "https://registry.npmjs.org/source-map-support/-/source-map-support-0.5.16.tgz#0ae069e7fe3ba7538c64c98515e35339eac5a042"
    integrity sha512-efyLRJDr68D9hBBNIPWFjhpFzURh+KJykQwvMyW5UiZzYwoF6l4YMMDIJJEyFWxWCqfyxLzz6tSfUFR+kXXsVQ==
    dependencies:
      buffer-from "^1.0.0"
      source-map "^0.6.0"
  
  source-map@^0.6.0, source-map@~0.6.1:
    version "0.6.1"
    resolved "https://registry.npmjs.org/source-map/-/source-map-0.6.1.tgz#74722af32e9614e9c287a8d0bbde48b5e2f1a263"
    integrity sha512-UjgapumWlbMhkBgzT7Ykc5YXUT46F0iKu8SGXq0bcwP5dz/h0Plj6enJqjz1Zbq2l5WaqYnrVbwWOWMyF3F47g==
  
  terser@^4.6.6:
    version "4.6.6"
    resolved "https://registry.npmjs.org/terser/-/terser-4.6.6.tgz#da2382e6cafbdf86205e82fb9a115bd664d54863"
    integrity sha512-4lYPyeNmstjIIESr/ysHg2vUPRGf2tzF9z2yYwnowXVuVzLEamPN1Gfrz7f8I9uEPuHcbFlW4PLIAsJoxXyJ1g==
    dependencies:
      commander "^2.20.0"
      source-map "~0.6.1"
      source-map-support "~0.5.12"
